<?xml version="1.0" encoding="UTF-8"?>
<!-- Generated by org.testng.reporters.JUnitReportReporter -->
<testsuite hostname="Bhagyasree" failures="0" tests="1" name="Basic.OrganizationsTest" time="14.298" errors="0" timestamp="2024-03-15T12:51:58 IST" skipped="0">
  <testcase classname="Basic.OrganizationsTest" name="CreateOrganizationsTest" time="14.298"/>
  <system-out/>
</testsuite> <!-- Basic.OrganizationsTest -->
